MT_CONF=0
Nthreads: 1  Runtime(sec): 10  Workload: 80/10/10  Throughput(Kops/sec): 210.81
MT_CONF=0,1
Nthreads: 2  Runtime(sec): 10  Workload: 80/10/10  Throughput(Kops/sec): 177.24
MT_CONF=0,1,2,3
Nthreads: 4  Runtime(sec): 10  Workload: 80/10/10  Throughput(Kops/sec): 269.89
MT_CONF=0,1,2,3,4,5,6,7
Nthreads: 8  Runtime(sec): 10  Workload: 80/10/10  Throughput(Kops/sec): 455.81
MT_CONF=0,1,2,3,4,5,6,7,8,9,10,11,12,13,14,15
Nthreads: 16  Runtime(sec): 10  Workload: 80/10/10  Throughput(Kops/sec): 210.96
MT_CONF=0,1,2,3,4,5,6,7,8,9,10,11,12,13,14,15,16,17,18,19,20,21,22,23,24,25,26,27,28,29,30,31
Nthreads: 32  Runtime(sec): 10  Workload: 80/10/10  Throughput(Kops/sec): 234.86
MT_CONF=0,1,2,3,4,5,6,7,8,9,10,11,12,13,14,15,16,17,18,19,20,21,22,23,24,25,26,27,28,29,30,31,32,33,34,35,36,37,38,39,40,41,42,43,44,45,46,47,48,49,50,51,52,53,54,55,56,57,58,59,60,61,62,63
Nthreads: 64  Runtime(sec): 10  Workload: 80/10/10  Throughput(Kops/sec): 246.84
MT_CONF=0
Nthreads: 1  Runtime(sec): 10  Workload: 80/10/10  Throughput(Kops/sec): 27.96
MT_CONF=0,1
Nthreads: 2  Runtime(sec): 10  Workload: 80/10/10  Throughput(Kops/sec): 29.42
MT_CONF=0,1,2,3
Nthreads: 4  Runtime(sec): 10  Workload: 80/10/10  Throughput(Kops/sec): 45.37
MT_CONF=0,1,2,3,4,5,6,7
Nthreads: 8  Runtime(sec): 10  Workload: 80/10/10  Throughput(Kops/sec): 77.24
MT_CONF=0,1,2,3,4,5,6,7,8,9,10,11,12,13,14,15
Nthreads: 16  Runtime(sec): 10  Workload: 80/10/10  Throughput(Kops/sec): 44.41
MT_CONF=0,1,2,3,4,5,6,7,8,9,10,11,12,13,14,15,16,17,18,19,20,21,22,23,24,25,26,27,28,29,30,31
Nthreads: 32  Runtime(sec): 10  Workload: 80/10/10  Throughput(Kops/sec): 55.51
MT_CONF=0,1,2,3,4,5,6,7,8,9,10,11,12,13,14,15,16,17,18,19,20,21,22,23,24,25,26,27,28,29,30,31,32,33,34,35,36,37,38,39,40,41,42,43,44,45,46,47,48,49,50,51,52,53,54,55,56,57,58,59,60,61,62,63
Nthreads: 64  Runtime(sec): 10  Workload: 80/10/10  Throughput(Kops/sec): 66.61
