MT_CONF=0
Nthreads: 1  Runtime(sec): 10  Throughput(Kops/sec): 1286.07
MT_CONF=0,1
Nthreads: 2  Runtime(sec): 10  Throughput(Kops/sec): 2512.21
MT_CONF=0,1,2,3
Nthreads: 4  Runtime(sec): 10  Throughput(Kops/sec): 4831.96
MT_CONF=0,1,2,3,4,5,6,7
Nthreads: 8  Runtime(sec): 10  Throughput(Kops/sec): 2549.60
MT_CONF=0,1,2,3,4,5,6,7,8,9,10,11,12,13,14,15
Nthreads: 16  Runtime(sec): 10  Throughput(Kops/sec): 641.01
MT_CONF=0,1,2,3,4,5,6,7,8,9,10,11,12,13,14,15,16,17,18,19,20,21,22,23,24,25,26,27,28,29,30,31
Nthreads: 32  Runtime(sec): 10  Throughput(Kops/sec): 220.11
MT_CONF=0,1,2,3,4,5,6,7,8,9,10,11,12,13,14,15,16,17,18,19,20,21,22,23,24,25,26,27,28,29,30,31,32,33,34,35,36,37,38,39,40,41,42,43,44,45,46,47,48,49,50,51,52,53,54,55,56,57,58,59,60,61,62,63
Nthreads: 64  Runtime(sec): 10  Throughput(Kops/sec): 378.84
MT_CONF=0
Nthreads: 1  Runtime(sec): 10  Throughput(Kops/sec): 319.71
MT_CONF=0,1
Nthreads: 2  Runtime(sec): 10  Throughput(Kops/sec): 399.36
MT_CONF=0,1,2,3
Nthreads: 4  Runtime(sec): 10  Throughput(Kops/sec): 393.07
MT_CONF=0,1,2,3,4,5,6,7
Nthreads: 8  Runtime(sec): 10  Throughput(Kops/sec): 387.87
MT_CONF=0,1,2,3,4,5,6,7,8,9,10,11,12,13,14,15
Nthreads: 16  Runtime(sec): 10  Throughput(Kops/sec): 272.44
MT_CONF=0,1,2,3,4,5,6,7,8,9,10,11,12,13,14,15,16,17,18,19,20,21,22,23,24,25,26,27,28,29,30,31
Nthreads: 32  Runtime(sec): 10  Throughput(Kops/sec): 173.94
MT_CONF=0,1,2,3,4,5,6,7,8,9,10,11,12,13,14,15,16,17,18,19,20,21,22,23,24,25,26,27,28,29,30,31,32,33,34,35,36,37,38,39,40,41,42,43,44,45,46,47,48,49,50,51,52,53,54,55,56,57,58,59,60,61,62,63
Nthreads: 64  Runtime(sec): 10  Throughput(Kops/sec): 290.65
MT_CONF=0
Nthreads: 1  Runtime(sec): 10  Throughput(Kops/sec): 49.93
MT_CONF=0,1
Nthreads: 2  Runtime(sec): 10  Throughput(Kops/sec): 51.67
MT_CONF=0,1,2,3
Nthreads: 4  Runtime(sec): 10  Throughput(Kops/sec): 51.32
MT_CONF=0,1,2,3,4,5,6,7
Nthreads: 8  Runtime(sec): 10  Throughput(Kops/sec): 51.53
MT_CONF=0,1,2,3,4,5,6,7,8,9,10,11,12,13,14,15
Nthreads: 16  Runtime(sec): 10  Throughput(Kops/sec): 48.36
MT_CONF=0,1,2,3,4,5,6,7,8,9,10,11,12,13,14,15,16,17,18,19,20,21,22,23,24,25,26,27,28,29,30,31
Nthreads: 32  Runtime(sec): 10  Throughput(Kops/sec): 44.13
MT_CONF=0,1,2,3,4,5,6,7,8,9,10,11,12,13,14,15,16,17,18,19,20,21,22,23,24,25,26,27,28,29,30,31,32,33,34,35,36,37,38,39,40,41,42,43,44,45,46,47,48,49,50,51,52,53,54,55,56,57,58,59,60,61,62,63
Nthreads: 64  Runtime(sec): 10  Throughput(Kops/sec): 45.40
